<?xml version="1.0" encoding="UTF-8"?>
<testng-results ignored="0" total="1" passed="1" failed="0" skipped="0">
  <reporter-output>
  </reporter-output>
  <suite started-at="2025-11-06T12:51:33 IST" name="Default suite" finished-at="2025-11-06T12:52:11 IST" duration-ms="37253">
    <groups>
    </groups>
    <test started-at="2025-11-06T12:51:33 IST" name="Default test" finished-at="2025-11-06T12:52:11 IST" duration-ms="37253">
      <class name="vtigerCrmProject.Contact_Test">
        <test-method is-config="true" signature="setup()[pri:0, instance:vtigerCrmProject.Contact_Test@229f66ed]" started-at="2025-11-06T12:51:33 IST" name="setup" finished-at="2025-11-06T12:51:41 IST" duration-ms="7250" status="PASS">
          <reporter-output>
          </reporter-output>
        </test-method> <!-- setup -->
        <test-method is-config="true" signature="loginVtiger()[pri:0, instance:vtigerCrmProject.Contact_Test@229f66ed]" started-at="2025-11-06T12:51:41 IST" name="loginVtiger" finished-at="2025-11-06T12:51:47 IST" duration-ms="6452" status="PASS">
          <reporter-output>
          </reporter-output>
        </test-method> <!-- loginVtiger -->
        <test-method signature="contact_Test()[pri:0, instance:vtigerCrmProject.Contact_Test@229f66ed]" started-at="2025-11-06T12:51:47 IST" name="contact_Test" finished-at="2025-11-06T12:52:07 IST" duration-ms="19940" status="PASS">
          <reporter-output>
          </reporter-output>
        </test-method> <!-- contact_Test -->
        <test-method is-config="true" signature="logoutVtiger()[pri:0, instance:vtigerCrmProject.Contact_Test@229f66ed]" started-at="2025-11-06T12:52:07 IST" name="logoutVtiger" finished-at="2025-11-06T12:52:10 IST" duration-ms="2828" status="PASS">
          <reporter-output>
          </reporter-output>
        </test-method> <!-- logoutVtiger -->
        <test-method is-config="true" signature="tearDown()[pri:0, instance:vtigerCrmProject.Contact_Test@229f66ed]" started-at="2025-11-06T12:52:10 IST" name="tearDown" finished-at="2025-11-06T12:52:11 IST" duration-ms="741" status="PASS">
          <reporter-output>
          </reporter-output>
        </test-method> <!-- tearDown -->
      </class> <!-- vtigerCrmProject.Contact_Test -->
    </test> <!-- Default test -->
  </suite> <!-- Default suite -->
</testng-results>
