<?xml version="1.0" encoding="UTF-8"?>
<!-- Generated by org.testng.reporters.JUnitReportReporter -->
<testsuite hostname="DESKTOP-HBPR2UE" failures="0" tests="5" name="demoTest.ActionsDemo" time="30.308" errors="0" timestamp="2025-11-05T12:27:14 IST" skipped="0">
  <testcase classname="demoTest.ActionsDemo" name="mouseActionDragAndDrop" time="2.694"/>
  <testcase classname="demoTest.ActionsDemo" name="mouseActionDoubleClick" time="4.250"/>
  <testcase classname="demoTest.ActionsDemo" name="mouseActionRightClick" time="3.065"/>
  <testcase classname="demoTest.ActionsDemo" name="mouseActionHover" time="4.977"/>
  <testcase classname="demoTest.ActionsDemo" name="mouseActionClickCoordinate" time="15.322"/>
</testsuite> <!-- demoTest.ActionsDemo -->
