<?xml version="1.0" encoding="UTF-8"?>
<!-- Generated by org.testng.reporters.JUnitReportReporter -->
<testsuite hostname="DESKTOP-HBPR2UE" failures="0" tests="1" name="demoTest.HandleWindow" time="42.980" errors="1" timestamp="2025-11-05T10:27:34 IST" skipped="0">
  <testcase classname="demoTest.HandleWindow" name="demoHandle" time="42.980">
    <error message="Error {
  message=&#039;Timeout 30000ms exceeded.
  name=&#039;TimeoutError
  stack=&#039;TimeoutError: Timeout 30000ms exceeded.
    at ProgressController.run (C:\Users\FLEEKI~1\AppData\Local\Temp\playwright-java-12677795572641076837\package\lib\server\progress.js:75:26)
    at Frame.click (C:\Users\FLEEKI~1\AppData\Local\Temp\playwright-java-12677795572641076837\package\lib\server\frames.js:1021:23)
    at FrameDispatcher.click (C:\Users\FLEEKI~1\AppData\Local\Temp\playwright-java-12677795572641076837\package\lib\server\dispatchers\frameDispatcher.js:159:30)
    at FrameDispatcher._handleCommand (C:\Users\FLEEKI~1\AppData\Local\Temp\playwright-java-12677795572641076837\package\lib\server\dispatchers\dispatcher.js:94:40)
    at DispatcherConnection.dispatch (C:\Users\FLEEKI~1\AppData\Local\Temp\playwright-java-12677795572641076837\package\lib\server\dispatchers\dispatcher.js:361:39)
}
Call log:
-   - waiting for locator(&quot;text=Click Here&quot;)
-     - locator resolved to 2 elements. Proceeding with the first one: &lt;a href=&quot;#&quot; target=&quot;_blank&quot; class=&quot;button e.g. button_hilite button_pale small_button&quot;&gt;Click Here&lt;/a&gt;
-   - attempting click action
-     2 × waiting for element to be visible, enabled and stable
-       - element is not visible
-     - retrying click action
-     - waiting 20ms
-     2 × waiting for element to be visible, enabled and stable
-       - element is not visible
-     - retrying click action
-       - waiting 100ms
-     57 × waiting for element to be visible, enabled and stable
-        - element is not visible
-      - retrying click action
-        - waiting 500ms
" type="com.microsoft.playwright.TimeoutError">
      <![CDATA[com.microsoft.playwright.TimeoutError: Error {
  message='Timeout 30000ms exceeded.
  name='TimeoutError
  stack='TimeoutError: Timeout 30000ms exceeded.
    at ProgressController.run (C:\Users\FLEEKI~1\AppData\Local\Temp\playwright-java-12677795572641076837\package\lib\server\progress.js:75:26)
    at Frame.click (C:\Users\FLEEKI~1\AppData\Local\Temp\playwright-java-12677795572641076837\package\lib\server\frames.js:1021:23)
    at FrameDispatcher.click (C:\Users\FLEEKI~1\AppData\Local\Temp\playwright-java-12677795572641076837\package\lib\server\dispatchers\frameDispatcher.js:159:30)
    at FrameDispatcher._handleCommand (C:\Users\FLEEKI~1\AppData\Local\Temp\playwright-java-12677795572641076837\package\lib\server\dispatchers\dispatcher.js:94:40)
    at DispatcherConnection.dispatch (C:\Users\FLEEKI~1\AppData\Local\Temp\playwright-java-12677795572641076837\package\lib\server\dispatchers\dispatcher.js:361:39)
}
Call log:
-   - waiting for locator("text=Click Here")
-     - locator resolved to 2 elements. Proceeding with the first one: <a href="#" target="_blank" class="button e.g. button_hilite button_pale small_button">Click Here</a>
-   - attempting click action
-     2 × waiting for element to be visible, enabled and stable
-       - element is not visible
-     - retrying click action
-     - waiting 20ms
-     2 × waiting for element to be visible, enabled and stable
-       - element is not visible
-     - retrying click action
-       - waiting 100ms
-     57 × waiting for element to be visible, enabled and stable
-        - element is not visible
-      - retrying click action
-        - waiting 500ms

at com.microsoft.playwright.impl.WaitableResult.get(WaitableResult.java:52)
at com.microsoft.playwright.impl.ChannelOwner.runUntil(ChannelOwner.java:132)
at com.microsoft.playwright.impl.Connection.sendMessage(Connection.java:130)
at com.microsoft.playwright.impl.ChannelOwner.sendMessage(ChannelOwner.java:118)
at com.microsoft.playwright.impl.FrameImpl.clickImpl(FrameImpl.java:252)
at com.microsoft.playwright.impl.PageImpl.lambda$click$18(PageImpl.java:688)
at com.microsoft.playwright.impl.LoggingSupport.lambda$withLogging$0(LoggingSupport.java:36)
at com.microsoft.playwright.impl.LoggingSupport.withLogging(LoggingSupport.java:47)
at com.microsoft.playwright.impl.ChannelOwner.withLogging(ChannelOwner.java:97)
at com.microsoft.playwright.impl.LoggingSupport.withLogging(LoggingSupport.java:35)
at com.microsoft.playwright.impl.PageImpl.click(PageImpl.java:687)
at com.microsoft.playwright.Page.click(Page.java:3914)
at demoTest.HandleWindow.lambda$0(HandleWindow.java:15)
at com.microsoft.playwright.impl.ChannelOwner.runUntil(ChannelOwner.java:128)
at com.microsoft.playwright.impl.PageImpl.waitForEventWithTimeout(PageImpl.java:535)
at com.microsoft.playwright.impl.PageImpl.waitForPopupImpl(PageImpl.java:503)
at com.microsoft.playwright.impl.PageImpl.lambda$waitForPopup$4(PageImpl.java:496)
at com.microsoft.playwright.impl.WaitForEventLogger.lambda$get$0(WaitForEventLogger.java:50)
at com.microsoft.playwright.impl.LoggingSupport.withLogging(LoggingSupport.java:47)
at com.microsoft.playwright.impl.ChannelOwner.withLogging(ChannelOwner.java:97)
at com.microsoft.playwright.impl.WaitForEventLogger.get(WaitForEventLogger.java:41)
at com.microsoft.playwright.impl.ChannelOwner.withWaitLogging(ChannelOwner.java:87)
at com.microsoft.playwright.impl.PageImpl.waitForPopup(PageImpl.java:496)
at com.microsoft.playwright.Page.waitForPopup(Page.java:7891)
at demoTest.HandleWindow.demoHandle(HandleWindow.java:14)
at java.base/jdk.internal.reflect.DirectMethodHandleAccessor.invoke(DirectMethodHandleAccessor.java:103)
at java.base/java.lang.reflect.Method.invoke(Method.java:580)
at org.testng.internal.invokers.MethodInvocationHelper.invokeMethod(MethodInvocationHelper.java:141)
at org.testng.internal.invokers.TestInvoker.invokeMethod(TestInvoker.java:687)
at org.testng.internal.invokers.TestInvoker.invokeTestMethod(TestInvoker.java:230)
at org.testng.internal.invokers.MethodRunner.runInSequence(MethodRunner.java:63)
at org.testng.internal.invokers.TestInvoker$MethodInvocationAgent.invoke(TestInvoker.java:995)
at org.testng.internal.invokers.TestInvoker.invokeTestMethods(TestInvoker.java:203)
at org.testng.internal.invokers.TestMethodWorker.invokeTestMethods(TestMethodWorker.java:154)
at org.testng.internal.invokers.TestMethodWorker.run(TestMethodWorker.java:134)
at java.base/java.util.ArrayList.forEach(ArrayList.java:1596)
at org.testng.TestRunner.privateRun(TestRunner.java:741)
at org.testng.TestRunner.run(TestRunner.java:616)
at org.testng.SuiteRunner.runTest(SuiteRunner.java:421)
at org.testng.SuiteRunner.runSequentially(SuiteRunner.java:413)
at org.testng.SuiteRunner.privateRun(SuiteRunner.java:373)
at org.testng.SuiteRunner.run(SuiteRunner.java:312)
at org.testng.SuiteRunnerWorker.runSuite(SuiteRunnerWorker.java:52)
at org.testng.SuiteRunnerWorker.run(SuiteRunnerWorker.java:95)
at org.testng.TestNG.runSuitesSequentially(TestNG.java:1274)
at org.testng.TestNG.runSuitesLocally(TestNG.java:1208)
at org.testng.TestNG.runSuites(TestNG.java:1112)
at org.testng.TestNG.run(TestNG.java:1079)
at org.testng.remote.AbstractRemoteTestNG.run(AbstractRemoteTestNG.java:115)
at org.testng.remote.RemoteTestNG.initAndRun(RemoteTestNG.java:293)
at org.testng.remote.RemoteTestNG.main(RemoteTestNG.java:91)
Caused by: com.microsoft.playwright.TimeoutError: Error {
  message='Timeout 30000ms exceeded.
  name='TimeoutError
  stack='TimeoutError: Timeout 30000ms exceeded.
    at ProgressController.run (C:\Users\FLEEKI~1\AppData\Local\Temp\playwright-java-12677795572641076837\package\lib\server\progress.js:75:26)
    at Frame.click (C:\Users\FLEEKI~1\AppData\Local\Temp\playwright-java-12677795572641076837\package\lib\server\frames.js:1021:23)
    at FrameDispatcher.click (C:\Users\FLEEKI~1\AppData\Local\Temp\playwright-java-12677795572641076837\package\lib\server\dispatchers\frameDispatcher.js:159:30)
    at FrameDispatcher._handleCommand (C:\Users\FLEEKI~1\AppData\Local\Temp\playwright-java-12677795572641076837\package\lib\server\dispatchers\dispatcher.js:94:40)
    at DispatcherConnection.dispatch (C:\Users\FLEEKI~1\AppData\Local\Temp\playwright-java-12677795572641076837\package\lib\server\dispatchers\dispatcher.js:361:39)
}
Call log:
-   - waiting for locator("text=Click Here")
-     - locator resolved to 2 elements. Proceeding with the first one: <a href="#" target="_blank" class="button e.g. button_hilite button_pale small_button">Click Here</a>
-   - attempting click action
-     2 × waiting for element to be visible, enabled and stable
-       - element is not visible
-     - retrying click action
-     - waiting 20ms
-     2 × waiting for element to be visible, enabled and stable
-       - element is not visible
-     - retrying click action
-       - waiting 100ms
-     57 × waiting for element to be visible, enabled and stable
-        - element is not visible
-      - retrying click action
-        - waiting 500ms

at com.microsoft.playwright.impl.Connection.dispatch(Connection.java:254)
at com.microsoft.playwright.impl.Connection.processOneMessage(Connection.java:211)
at com.microsoft.playwright.impl.ChannelOwner.runUntil(ChannelOwner.java:130)
... 49 more
]]>
    </error>
  </testcase> <!-- demoHandle -->
</testsuite> <!-- demoTest.HandleWindow -->
